<?xml version="1.0" encoding="UTF-8"?>
<!-- Generated by org.testng.reporters.JUnitXMLReporter -->
<testsuite hostname="Japneet" ignored="0" name="homePageTests" tests="5" failures="0" timestamp="22 Jan 2023 14:48:49 GMT" time="29.311" errors="0">
  <testcase name="pageTitleTest" time="0.079" classname="pageTest.HomePageTests"/>
  <testcase name="pageUrlTest" time="0.004" classname="pageTest.HomePageTests"/>
  <testcase name="searchTest" time="5.723" classname="pageTest.HomePageTests"/>
  <testcase name="searchTest" time="5.881" classname="pageTest.HomePageTests"/>
  <testcase name="searchTest" time="5.62" classname="pageTest.HomePageTests"/>
</testsuite> <!-- homePageTests -->
