<?xml version="1.0" encoding="UTF-8"?>
<!-- Generated by org.testng.reporters.JUnitXMLReporter -->
<testsuite hostname="Japneet" ignored="0" name="RegisterPageTests" tests="2" failures="0" timestamp="22 Jan 2023 14:48:47 GMT" time="27.216" errors="0">
  <testcase name="testPositiveRegistrationOfUser" time="7.801" classname="pageTest.RegisterPageTests"/>
  <testcase name="testPositiveRegistrationOfUser" time="7.216" classname="pageTest.RegisterPageTests"/>
</testsuite> <!-- RegisterPageTests -->
